#
# There is insufficient memory for the Java Runtime Environment to continue.
# Native memory allocation (malloc) failed to allocate 849552 bytes for Chunk::new
# Possible reasons:
#   The system is out of physical RAM or swap space
#   In 32 bit mode, the process size limit was hit
# Possible solutions:
#   Reduce memory load on the system
#   Increase physical memory or swap space
#   Check if swap backing store is full
#   Use 64 bit Java on a 64 bit OS
#   Decrease Java heap size (-Xmx/-Xms)
#   Decrease number of Java threads
#   Decrease Java thread stack sizes (-Xss)
#   Set larger code cache with -XX:ReservedCodeCacheSize=
# This output file may be truncated or incomplete.
#
#  Out of Memory Error (allocation.cpp:390), pid=6240, tid=2252
#
# JRE version: Java(TM) SE Runtime Environment (8.0_51-b16) (build 1.8.0_51-b16)
# Java VM: Java HotSpot(TM) 64-Bit Server VM (25.51-b03 mixed mode windows-amd64 compressed oops)
# Failed to write core dump. Minidumps are not enabled by default on client versions of Windows
#

---------------  T H R E A D  ---------------

Current thread (0x0000000056844000):  JavaThread "C2 CompilerThread1" daemon [_thread_in_native, id=2252, stack(0x0000000056f70000,0x0000000057070000)]

Stack: [0x0000000056f70000,0x0000000057070000]
Native frames: (J=compiled Java code, j=interpreted, Vv=VM code, C=native code)
V  [jvm.dll+0x32b4ca]


Current CompileTask:
C2:  63018 6313   !   4       org.springframework.core.annotation.AnnotationUtils::findAnnotation (205 bytes)


---------------  P R O C E S S  ---------------

Java Threads: ( => current thread )
  0x0000000057de5000 JavaThread "http-nio-8080-exec-10" daemon [_thread_blocked, id=7136, stack(0x0000000062870000,0x0000000062970000)]
  0x0000000057de4000 JavaThread "http-nio-8080-exec-9" daemon [_thread_blocked, id=2988, stack(0x0000000062760000,0x0000000062860000)]
  0x0000000057de3800 JavaThread "http-nio-8080-exec-8" daemon [_thread_blocked, id=4728, stack(0x0000000062510000,0x0000000062610000)]
  0x0000000057de2800 JavaThread "http-nio-8080-exec-7" daemon [_thread_blocked, id=1100, stack(0x00000000623e0000,0x00000000624e0000)]
  0x0000000057de2000 JavaThread "http-nio-8080-exec-6" daemon [_thread_blocked, id=5736, stack(0x00000000622b0000,0x00000000623b0000)]
  0x0000000057de1000 JavaThread "http-nio-8080-exec-5" daemon [_thread_blocked, id=4312, stack(0x00000000620e0000,0x00000000621e0000)]
  0x0000000057de0800 JavaThread "http-nio-8080-exec-4" daemon [_thread_blocked, id=6248, stack(0x0000000061ef0000,0x0000000061ff0000)]
  0x0000000057ddf800 JavaThread "http-nio-8080-exec-3" daemon [_thread_blocked, id=5896, stack(0x0000000061a30000,0x0000000061b30000)]
  0x0000000057ddf000 JavaThread "http-nio-8080-exec-2" daemon [_thread_blocked, id=3496, stack(0x0000000061820000,0x0000000061920000)]
  0x0000000058780800 JavaThread "http-nio-8080-exec-1" daemon [_thread_blocked, id=6276, stack(0x0000000059860000,0x0000000059960000)]
  0x0000000058780000 JavaThread "DestroyJavaVM" [_thread_blocked, id=3588, stack(0x0000000002520000,0x0000000002620000)]
  0x000000005877f000 JavaThread "http-nio-8080-Acceptor-0" daemon [_thread_in_native, id=4288, stack(0x0000000061720000,0x0000000061820000)]
  0x000000005877e800 JavaThread "http-nio-8080-ClientPoller-1" daemon [_thread_in_native, id=5512, stack(0x00000000613b0000,0x00000000614b0000)]
  0x000000005877d800 JavaThread "http-nio-8080-ClientPoller-0" daemon [_thread_in_native, id=4380, stack(0x0000000056de0000,0x0000000056ee0000)]
  0x000000005877d000 JavaThread "NioBlockingSelector.BlockPoller-1" daemon [_thread_in_native, id=6192, stack(0x000000005ca60000,0x000000005cb60000)]
  0x000000005877c000 JavaThread "Live Reload Server" daemon [_thread_in_native, id=2260, stack(0x0000000061290000,0x0000000061390000)]
  0x000000005877b800 JavaThread "File Watcher" daemon [_thread_blocked, id=3912, stack(0x000000005f120000,0x000000005f220000)]
  0x0000000058772800 JavaThread "Abandoned connection cleanup thread" daemon [_thread_blocked, id=5960, stack(0x0000000060390000,0x0000000060490000)]
  0x0000000058771800 JavaThread "Tomcat JDBC Pool Cleaner[414493378:1472046675519]" daemon [_thread_blocked, id=5368, stack(0x000000005dfa0000,0x000000005e0a0000)]
  0x0000000057a44800 JavaThread "container-0" [_thread_blocked, id=4260, stack(0x000000005ff60000,0x0000000060060000)]
  0x0000000057b75000 JavaThread "ContainerBackgroundProcessor[StandardEngine[Tomcat].StandardHost[localhost].StandardContext[]]" daemon [_thread_blocked, id=7160, stack(0x000000005f560000,0x000000005f660000)]
  0x0000000057c37000 JavaThread "RMI TCP Accept-0" daemon [_thread_in_native, id=4372, stack(0x0000000058310000,0x0000000058410000)]
  0x0000000057c48000 JavaThread "RMI TCP Accept-53634" daemon [_thread_in_native, id=5856, stack(0x00000000576d0000,0x00000000577d0000)]
  0x0000000057c30800 JavaThread "RMI TCP Accept-0" daemon [_thread_in_native, id=6204, stack(0x0000000058130000,0x0000000058230000)]
  0x00000000568c2800 JavaThread "Service Thread" daemon [_thread_blocked, id=4864, stack(0x0000000057230000,0x0000000057330000)]
  0x000000005684e000 JavaThread "C1 CompilerThread2" daemon [_thread_blocked, id=7084, stack(0x00000000570c0000,0x00000000571c0000)]
=>0x0000000056844000 JavaThread "C2 CompilerThread1" daemon [_thread_in_native, id=2252, stack(0x0000000056f70000,0x0000000057070000)]
  0x0000000056831800 JavaThread "C2 CompilerThread0" daemon [_thread_in_native, id=4184, stack(0x0000000056ce0000,0x0000000056de0000)]
  0x000000005520e000 JavaThread "Attach Listener" daemon [_thread_blocked, id=7116, stack(0x0000000056630000,0x0000000056730000)]
  0x000000005520b000 JavaThread "Signal Dispatcher" daemon [_thread_blocked, id=2352, stack(0x0000000056730000,0x0000000056830000)]
  0x00000000551ad000 JavaThread "Finalizer" daemon [_thread_blocked, id=1380, stack(0x00000000561b0000,0x00000000562b0000)]
  0x00000000551a6000 JavaThread "Reference Handler" daemon [_thread_blocked, id=5528, stack(0x0000000056480000,0x0000000056580000)]

Other Threads:
  0x00000000551a0000 VMThread [stack: 0x00000000562b0000,0x00000000563b0000] [id=5540]
  0x0000000057c3d000 WatcherThread [stack: 0x00000000584f0000,0x00000000585f0000] [id=3572]

VM state:at safepoint (normal execution)

VM Mutex/Monitor currently owned by a thread:  ([mutex/lock_event])
[0x000000000229b920] Threads_lock - owner thread: 0x00000000551a0000
[0x000000000229be20] Heap_lock - owner thread: 0x000000005684e000
[0x000000000229c3a0] MethodData_lock - owner thread: 0x000000005684e000

Heap:
 PSYoungGen      total 235520K, used 11765K [0x00000000eb600000, 0x00000000fad00000, 0x0000000100000000)
  eden space 223744K, 0% used [0x00000000eb600000,0x00000000eb600000,0x00000000f9080000)
  from space 11776K, 99% used [0x00000000f9c80000,0x00000000fa7fd6d8,0x00000000fa800000)
  to   space 12288K, 0% used [0x00000000f9080000,0x00000000f9080000,0x00000000f9c80000)
 ParOldGen       total 65536K, used 42517K [0x00000000c2200000, 0x00000000c6200000, 0x00000000eb600000)
  object space 65536K, 64% used [0x00000000c2200000,0x00000000c4b85778,0x00000000c6200000)
 Metaspace       used 56484K, capacity 57076K, committed 57216K, reserved 1103872K
  class space    used 7122K, capacity 7289K, committed 7296K, reserved 1048576K

Card table byte_map: [0x0000000011cb0000,0x0000000011ea0000] byte_map_base: 0x000000001169f000

Marking Bits: (ParMarkBitMap*) 0x000000005fea4040
 Begin Bits: [0x0000000012730000, 0x00000000136a8000)
 End Bits:   [0x00000000136a8000, 0x0000000014620000)

Polling page: 0x0000000000120000

CodeCache: size=245760Kb used=19497Kb max_used=19497Kb free=226262Kb
 bounds [0x00000000028f0000, 0x0000000003c20000, 0x00000000118f0000]
 total_blobs=6214 nmethods=5431 adapters=695
 compilation: enabled

Compilation events (10 events):
Event: 62.721 Thread 0x000000005684e000 6598       2       org.apache.catalina.core.ApplicationFilterFactory::matchFiltersServlet (48 bytes)
Event: 62.722 Thread 0x000000005684e000 nmethod 6598 0x0000000003c0d890 code [0x0000000003c0da00, 0x0000000003c0dce8]
Event: 62.722 Thread 0x000000005684e000 6601       2       org.apache.catalina.connector.Response::isAppCommitted (47 bytes)
Event: 62.723 Thread 0x000000005684e000 nmethod 6601 0x0000000003c0de90 code [0x0000000003c0dfe0, 0x0000000003c0e210]
Event: 62.723 Thread 0x000000005684e000 6599       1       org.springframework.security.web.context.HttpRequestResponseHolder::getRequest (5 bytes)
Event: 62.724 Thread 0x000000005684e000 nmethod 6599 0x0000000003c0e390 code [0x0000000003c0e4e0, 0x0000000003c0e5f0]
Event: 62.724 Thread 0x000000005684e000 6600       1       org.springframework.security.web.context.HttpRequestResponseHolder::getResponse (5 bytes)
Event: 62.724 Thread 0x000000005684e000 nmethod 6600 0x0000000003c0e650 code [0x0000000003c0e7a0, 0x0000000003c0e8b0]
Event: 62.724 Thread 0x000000005684e000 6602       1       org.apache.catalina.connector.Request::isComet (5 bytes)
Event: 62.724 Thread 0x000000005684e000 nmethod 6602 0x0000000003c0e910 code [0x0000000003c0ea60, 0x0000000003c0eb70]

GC Heap History (10 events):
Event: 19.686 GC heap before
{Heap before GC invocations=11 (full 1):
 PSYoungGen      total 135168K, used 133544K [0x00000000eb600000, 0x00000000f6f80000, 0x0000000100000000)
  eden space 125952K, 100% used [0x00000000eb600000,0x00000000f3100000,0x00000000f3100000)
  from space 9216K, 82% used [0x00000000f3100000,0x00000000f386a058,0x00000000f3a00000)
  to   space 9728K, 0% used [0x00000000f6600000,0x00000000f6600000,0x00000000f6f80000)
 ParOldGen       total 39936K, used 11877K [0x00000000c2200000, 0x00000000c4900000, 0x00000000eb600000)
  object space 39936K, 29% used [0x00000000c2200000,0x00000000c2d997f0,0x00000000c4900000)
 Metaspace       used 28957K, capacity 29296K, committed 29568K, reserved 1075200K
  class space    used 3636K, capacity 3699K, committed 3712K, reserved 1048576K
Event: 19.785 GC heap after
Heap after GC invocations=11 (full 1):
 PSYoungGen      total 179200K, used 9722K [0x00000000eb600000, 0x00000000f7080000, 0x0000000100000000)
  eden space 169472K, 0% used [0x00000000eb600000,0x00000000eb600000,0x00000000f5b80000)
  from space 9728K, 99% used [0x00000000f6600000,0x00000000f6f7e9a0,0x00000000f6f80000)
  to   space 10752K, 0% used [0x00000000f5b80000,0x00000000f5b80000,0x00000000f6600000)
 ParOldGen       total 39936K, used 12474K [0x00000000c2200000, 0x00000000c4900000, 0x00000000eb600000)
  object space 39936K, 31% used [0x00000000c2200000,0x00000000c2e2e8f8,0x00000000c4900000)
 Metaspace       used 28957K, capacity 29296K, committed 29568K, reserved 1075200K
  class space    used 3636K, capacity 3699K, committed 3712K, reserved 1048576K
}
Event: 24.932 GC heap before
{Heap before GC invocations=12 (full 1):
 PSYoungGen      total 179200K, used 179194K [0x00000000eb600000, 0x00000000f7080000, 0x0000000100000000)
  eden space 169472K, 100% used [0x00000000eb600000,0x00000000f5b80000,0x00000000f5b80000)
  from space 9728K, 99% used [0x00000000f6600000,0x00000000f6f7e9a0,0x00000000f6f80000)
  to   space 10752K, 0% used [0x00000000f5b80000,0x00000000f5b80000,0x00000000f6600000)
 ParOldGen       total 39936K, used 12474K [0x00000000c2200000, 0x00000000c4900000, 0x00000000eb600000)
  object space 39936K, 31% used [0x00000000c2200000,0x00000000c2e2e8f8,0x00000000c4900000)
 Metaspace       used 33659K, capacity 33946K, committed 34304K, reserved 1079296K
  class space    used 4218K, capacity 4266K, committed 4352K, reserved 1048576K
Event: 24.992 GC heap after
Heap after GC invocations=12 (full 1):
 PSYoungGen      total 180224K, used 9644K [0x00000000eb600000, 0x00000000fa800000, 0x0000000100000000)
  eden space 169472K, 0% used [0x00000000eb600000,0x00000000eb600000,0x00000000f5b80000)
  from space 10752K, 89% used [0x00000000f5b80000,0x00000000f64eb340,0x00000000f6600000)
  to   space 11776K, 0% used [0x00000000f9c80000,0x00000000f9c80000,0x00000000fa800000)
 ParOldGen       total 39936K, used 18092K [0x00000000c2200000, 0x00000000c4900000, 0x00000000eb600000)
  object space 39936K, 45% used [0x00000000c2200000,0x00000000c33ab0f0,0x00000000c4900000)
 Metaspace       used 33659K, capacity 33946K, committed 34304K, reserved 1079296K
  class space    used 4218K, capacity 4266K, committed 4352K, reserved 1048576K
}
Event: 27.124 GC heap before
{Heap before GC invocations=13 (full 1):
 PSYoungGen      total 180224K, used 25619K [0x00000000eb600000, 0x00000000fa800000, 0x0000000100000000)
  eden space 169472K, 9% used [0x00000000eb600000,0x00000000ec599c68,0x00000000f5b80000)
  from space 10752K, 89% used [0x00000000f5b80000,0x00000000f64eb340,0x00000000f6600000)
  to   space 11776K, 0% used [0x00000000f9c80000,0x00000000f9c80000,0x00000000fa800000)
 ParOldGen       total 39936K, used 18092K [0x00000000c2200000, 0x00000000c4900000, 0x00000000eb600000)
  object space 39936K, 45% used [0x00000000c2200000,0x00000000c33ab0f0,0x00000000c4900000)
 Metaspace       used 34886K, capacity 35206K, committed 35456K, reserved 1081344K
  class space    used 4348K, capacity 4428K, committed 4480K, reserved 1048576K
Event: 27.201 GC heap after
Heap after GC invocations=13 (full 1):
 PSYoungGen      total 235520K, used 1950K [0x00000000eb600000, 0x00000000fad00000, 0x0000000100000000)
  eden space 223744K, 0% used [0x00000000eb600000,0x00000000eb600000,0x00000000f9080000)
  from space 11776K, 16% used [0x00000000f9c80000,0x00000000f9e67808,0x00000000fa800000)
  to   space 12288K, 0% used [0x00000000f9080000,0x00000000f9080000,0x00000000f9c80000)
 ParOldGen       total 39936K, used 24418K [0x00000000c2200000, 0x00000000c4900000, 0x00000000eb600000)
  object space 39936K, 61% used [0x00000000c2200000,0x00000000c39d88f0,0x00000000c4900000)
 Metaspace       used 34886K, capacity 35206K, committed 35456K, reserved 1081344K
  class space    used 4348K, capacity 4428K, committed 4480K, reserved 1048576K
}
Event: 27.202 GC heap before
{Heap before GC invocations=14 (full 2):
 PSYoungGen      total 235520K, used 1950K [0x00000000eb600000, 0x00000000fad00000, 0x0000000100000000)
  eden space 223744K, 0% used [0x00000000eb600000,0x00000000eb600000,0x00000000f9080000)
  from space 11776K, 16% used [0x00000000f9c80000,0x00000000f9e67808,0x00000000fa800000)
  to   space 12288K, 0% used [0x00000000f9080000,0x00000000f9080000,0x00000000f9c80000)
 ParOldGen       total 39936K, used 24418K [0x00000000c2200000, 0x00000000c4900000, 0x00000000eb600000)
  object space 39936K, 61% used [0x00000000c2200000,0x00000000c39d88f0,0x00000000c4900000)
 Metaspace       used 34886K, capacity 35206K, committed 35456K, reserved 1081344K
  class space    used 4348K, capacity 4428K, committed 4480K, reserved 1048576K
Event: 27.800 GC heap after
Heap after GC invocations=14 (full 2):
 PSYoungGen      total 235520K, used 0K [0x00000000eb600000, 0x00000000fad00000, 0x0000000100000000)
  eden space 223744K, 0% used [0x00000000eb600000,0x00000000eb600000,0x00000000f9080000)
  from space 11776K, 0% used [0x00000000f9c80000,0x00000000f9c80000,0x00000000fa800000)
  to   space 12288K, 0% used [0x00000000f9080000,0x00000000f9080000,0x00000000f9c80000)
 ParOldGen       total 65536K, used 22972K [0x00000000c2200000, 0x00000000c6200000, 0x00000000eb600000)
  object space 65536K, 35% used [0x00000000c2200000,0x00000000c386f190,0x00000000c6200000)
 Metaspace       used 34886K, capacity 35206K, committed 35456K, reserved 1081344K
  class space    used 4348K, capacity 4428K, committed 4480K, reserved 1048576K
}
Event: 38.590 GC heap before
{Heap before GC invocations=15 (full 2):
 PSYoungGen      total 235520K, used 223744K [0x00000000eb600000, 0x00000000fad00000, 0x0000000100000000)
  eden space 223744K, 100% used [0x00000000eb600000,0x00000000f9080000,0x00000000f9080000)
  from space 11776K, 0% used [0x00000000f9c80000,0x00000000f9c80000,0x00000000fa800000)
  to   space 12288K, 0% used [0x00000000f9080000,0x00000000f9080000,0x00000000f9c80000)
 ParOldGen       total 65536K, used 22972K [0x00000000c2200000, 0x00000000c6200000, 0x00000000eb600000)
  object space 65536K, 35% used [0x00000000c2200000,0x00000000c386f190,0x00000000c6200000)
 Metaspace       used 48502K, capacity 49094K, committed 49408K, reserved 1091584K
  class space    used 6212K, capacity 6374K, committed 6400K, reserved 1048576K
Event: 38.729 GC heap after
Heap after GC invocations=15 (full 2):
 PSYoungGen      total 236032K, used 12272K [0x00000000eb600000, 0x00000000fad00000, 0x0000000100000000)
  eden space 223744K, 0% used [0x00000000eb600000,0x00000000eb600000,0x00000000f9080000)
  from space 12288K, 99% used [0x00000000f9080000,0x00000000f9c7c140,0x00000000f9c80000)
  to   space 11776K, 0% used [0x00000000f9c80000,0x00000000f9c80000,0x00000000fa800000)
 ParOldGen       total 65536K, used 30633K [0x00000000c2200000, 0x00000000c6200000, 0x00000000eb600000)
  object space 65536K, 46% used [0x00000000c2200000,0x00000000c3fea7f0,0x00000000c6200000)
 Metaspace       used 48502K, capacity 49094K, committed 49408K, reserved 1091584K
  class space    used 6212K, capacity 6374K, committed 6400K, reserved 1048576K
}

Deoptimization events (10 events):
Event: 60.890 Thread 0x0000000057ddf800 Uncommon trap: reason=unstable_if action=reinterpret pc=0x00000000033e81d0 method=java.util.HashMap.putVal(ILjava/lang/Object;Ljava/lang/Object;ZZ)Ljava/lang/Object; @ 162
Event: 61.027 Thread 0x0000000057ddf800 Uncommon trap: reason=unstable_if action=reinterpret pc=0x0000000002e179c0 method=com.sun.org.apache.xerces.internal.util.SymbolTable.addSymbol([CII)Ljava/lang/String; @ 49
Event: 61.049 Thread 0x0000000057ddf800 Uncommon trap: reason=class_check action=maybe_recompile pc=0x000000000355bd70 method=java.util.regex.Pattern$7.isSatisfiedBy(I)Z @ 5
Event: 61.049 Thread 0x0000000057ddf800 Uncommon trap: reason=class_check action=maybe_recompile pc=0x000000000355bd70 method=java.util.regex.Pattern$7.isSatisfiedBy(I)Z @ 5
Event: 61.049 Thread 0x0000000057ddf800 Uncommon trap: reason=class_check action=maybe_recompile pc=0x000000000355bd70 method=java.util.regex.Pattern$7.isSatisfiedBy(I)Z @ 5
Event: 61.051 Thread 0x0000000057ddf800 Uncommon trap: reason=class_check action=maybe_recompile pc=0x000000000355bd70 method=java.util.regex.Pattern$7.isSatisfiedBy(I)Z @ 5
Event: 62.456 Thread 0x0000000057de4000 Uncommon trap: reason=class_check action=maybe_recompile pc=0x000000000394b768 method=java.util.regex.Pattern$Ques.match(Ljava/util/regex/Matcher;ILjava/lang/CharSequence;)Z @ 55
Event: 62.511 Thread 0x0000000057ddf800 Uncommon trap: reason=unstable_if action=reinterpret pc=0x0000000003605dbc method=java.util.concurrent.ConcurrentHashMap.addCount(JI)V @ 34
Event: 62.723 Thread 0x0000000057de2000 Uncommon trap: reason=unstable_if action=reinterpret pc=0x0000000002b7a4c8 method=java.util.concurrent.ConcurrentHashMap.sumCount()J @ 11
Event: 62.723 Thread 0x0000000057de2000 Uncommon trap: reason=unstable_if action=reinterpret pc=0x000000000335b238 method=java.util.concurrent.ConcurrentHashMap.addCount(JI)V @ 7

Internal exceptions (10 events):
Event: 62.416 Thread 0x0000000057de4000 Exception <a 'java/io/FileNotFoundException'> (0x00000000f6a98448) thrown at [C:\re\workspace\8-2-build-windows-amd64-cygwin\jdk8u51\3951\hotspot\src\share\vm\prims\jni.cpp, line 709]
Event: 62.416 Thread 0x0000000057de4000 Exception <a 'java/io/FileNotFoundException'> (0x00000000f6a992c0) thrown at [C:\re\workspace\8-2-build-windows-amd64-cygwin\jdk8u51\3951\hotspot\src\share\vm\prims\jni.cpp, line 709]
Event: 62.535 Thread 0x0000000057de4000 Exception <a 'java/io/FileNotFoundException'> (0x00000000f7085150) thrown at [C:\re\workspace\8-2-build-windows-amd64-cygwin\jdk8u51\3951\hotspot\src\share\vm\prims\jni.cpp, line 709]
Event: 62.535 Thread 0x0000000057de4000 Exception <a 'java/io/FileNotFoundException'> (0x00000000f7085d90) thrown at [C:\re\workspace\8-2-build-windows-amd64-cygwin\jdk8u51\3951\hotspot\src\share\vm\prims\jni.cpp, line 709]
Event: 62.604 Thread 0x0000000057de4000 Exception <a 'java/io/IOException'> (0x00000000f70c0170) thrown at [C:\re\workspace\8-2-build-windows-amd64-cygwin\jdk8u51\3951\hotspot\src\share\vm\prims\jni.cpp, line 709]
Event: 62.623 Thread 0x0000000057ddf000 Exception <a 'java/io/IOException'> (0x00000000f6c6bcd0) thrown at [C:\re\workspace\8-2-build-windows-amd64-cygwin\jdk8u51\3951\hotspot\src\share\vm\prims\jni.cpp, line 709]
Event: 62.637 Thread 0x0000000057de4000 Exception <a 'java/io/IOException'> (0x00000000f70d7878) thrown at [C:\re\workspace\8-2-build-windows-amd64-cygwin\jdk8u51\3951\hotspot\src\share\vm\prims\jni.cpp, line 709]
Event: 62.637 Thread 0x0000000057ddf000 Exception <a 'java/io/IOException'> (0x00000000f6c6d610) thrown at [C:\re\workspace\8-2-build-windows-amd64-cygwin\jdk8u51\3951\hotspot\src\share\vm\prims\jni.cpp, line 709]
Event: 62.639 Thread 0x0000000057de4000 Exception <a 'java/io/IOException'> (0x00000000f70d8268) thrown at [C:\re\workspace\8-2-build-windows-amd64-cygwin\jdk8u51\3951\hotspot\src\share\vm\prims\jni.cpp, line 709]
Event: 62.639 Thread 0x0000000057ddf000 Exception <a 'java/io/IOException'> (0x00000000f6c74058) thrown at [C:\re\workspace\8-2-build-windows-amd64-cygwin\jdk8u51\3951\hotspot\src\share\vm\prims\jni.cpp, line 709]

Events (10 events):
Event: 62.639 Executing VM operation: RevokeBias
Event: 62.640 Executing VM operation: RevokeBias done
Event: 62.640 Executing VM operation: RevokeBias
Event: 62.640 Executing VM operation: RevokeBias done
Event: 62.723 Thread 0x0000000057de2000 Uncommon trap: trap_request=0xffffff65 fr.pc=0x0000000002b7a4c8
Event: 62.723 Thread 0x0000000057de2000 DEOPT PACKING pc=0x0000000002b7a4c8 sp=0x00000000623ab740
Event: 62.723 Thread 0x0000000057de2000 DEOPT UNPACKING pc=0x000000000293582a sp=0x00000000623ab6b8 mode 2
Event: 62.723 Thread 0x0000000057de2000 Uncommon trap: trap_request=0xffffff65 fr.pc=0x000000000335b238
Event: 62.723 Thread 0x0000000057de2000 DEOPT PACKING pc=0x000000000335b238 sp=0x00000000623ab630
Event: 62.723 Thread 0x0000000057de2000 DEOPT UNPACKING pc=0x000000000293582a sp=0x00000000623ab598 mode 2


Dynamic libraries:
0x000000013fbe0000 - 0x000000013fc17000 	C:\Program Files\Java\jre1.8.0_51\bin\javaw.exe
0x0000000077080000 - 0x0000000077229000 	C:\Windows\SYSTEM32\ntdll.dll
0x0000000076f60000 - 0x000000007707f000 	C:\Windows\system32\kernel32.dll
0x000007fefd140000 - 0x000007fefd1ac000 	C:\Windows\system32\KERNELBASE.dll
0x000007fefd3d0000 - 0x000007fefd4ab000 	C:\Windows\system32\ADVAPI32.dll
0x000007fefe3e0000 - 0x000007fefe47f000 	C:\Windows\system32\msvcrt.dll
0x000007fefe650000 - 0x000007fefe66f000 	C:\Windows\SYSTEM32\sechost.dll
0x000007fefd520000 - 0x000007fefd64d000 	C:\Windows\system32\RPCRT4.dll
0x0000000076e60000 - 0x0000000076f5a000 	C:\Windows\system32\USER32.dll
0x000007fefd4b0000 - 0x000007fefd517000 	C:\Windows\system32\GDI32.dll
0x000007fefe530000 - 0x000007fefe53e000 	C:\Windows\system32\LPK.dll
0x000007fefd1f0000 - 0x000007fefd2b9000 	C:\Windows\system32\USP10.dll
0x000007fefb9e0000 - 0x000007fefbbd4000 	C:\Windows\WinSxS\amd64_microsoft.windows.common-controls_6595b64144ccf1df_6.0.7601.18837_none_fa3b1e3d17594757\COMCTL32.dll
0x000007fefe670000 - 0x000007fefe6e1000 	C:\Windows\system32\SHLWAPI.dll
0x000007fefe620000 - 0x000007fefe64e000 	C:\Windows\system32\IMM32.DLL
0x000007fefd2c0000 - 0x000007fefd3c9000 	C:\Windows\system32\MSCTF.dll
0x0000000069b10000 - 0x0000000069be2000 	C:\Program Files\Java\jre1.8.0_51\bin\msvcr100.dll
0x000000005f6a0000 - 0x000000005ff23000 	C:\Program Files\Java\jre1.8.0_51\bin\server\jvm.dll
0x000007fee10b0000 - 0x000007fee10b9000 	C:\Windows\system32\WSOCK32.dll
0x000007fefe4e0000 - 0x000007fefe52d000 	C:\Windows\system32\WS2_32.dll
0x000007feff120000 - 0x000007feff128000 	C:\Windows\system32\NSI.dll
0x000007fef92c0000 - 0x000007fef92fb000 	C:\Windows\system32\WINMM.dll
0x000007fefbf20000 - 0x000007fefbf2c000 	C:\Windows\system32\VERSION.dll
0x0000000077240000 - 0x0000000077247000 	C:\Windows\system32\PSAPI.DLL
0x000000006a550000 - 0x000000006a55f000 	C:\Program Files\Java\jre1.8.0_51\bin\verify.dll
0x000000006a380000 - 0x000000006a3a9000 	C:\Program Files\Java\jre1.8.0_51\bin\java.dll
0x000000006a3c0000 - 0x000000006a3d6000 	C:\Program Files\Java\jre1.8.0_51\bin\zip.dll
0x000007fefd650000 - 0x000007fefe3d9000 	C:\Windows\system32\SHELL32.dll
0x000007fefe7b0000 - 0x000007fefe9b3000 	C:\Windows\system32\ole32.dll
0x000007fefce30000 - 0x000007fefce3f000 	C:\Windows\system32\profapi.dll
0x000000006a560000 - 0x000000006a56d000 	C:\Program Files\Java\jre1.8.0_51\bin\management.dll
0x000000006a360000 - 0x000000006a37a000 	C:\Program Files\Java\jre1.8.0_51\bin\net.dll
0x000007fefc5d0000 - 0x000007fefc625000 	C:\Windows\system32\mswsock.dll
0x000007fefc5c0000 - 0x000007fefc5c7000 	C:\Windows\System32\wship6.dll
0x000000006a340000 - 0x000000006a351000 	C:\Program Files\Java\jre1.8.0_51\bin\nio.dll
0x000007fefb010000 - 0x000007fefb025000 	C:\Windows\system32\NLAapi.dll
0x000007fee1350000 - 0x000007fee1365000 	C:\Windows\system32\napinsp.dll
0x000007fee1330000 - 0x000007fee1349000 	C:\Windows\system32\pnrpnsp.dll
0x000007fefc450000 - 0x000007fefc4ab000 	C:\Windows\system32\DNSAPI.dll
0x000007fee13f0000 - 0x000007fee13fb000 	C:\Windows\System32\winrnr.dll
0x000007fee1320000 - 0x000007fee1330000 	C:\Windows\system32\wshbth.dll
0x000007fefbff0000 - 0x000007fefbff7000 	C:\Windows\System32\wshtcpip.dll
0x000007fefa980000 - 0x000007fefa9a7000 	C:\Windows\system32\IPHLPAPI.DLL
0x000007fefa930000 - 0x000007fefa93b000 	C:\Windows\system32\WINNSI.DLL
0x000007fee0170000 - 0x000007fee0178000 	C:\Windows\system32\rasadhlp.dll
0x000007fefa860000 - 0x000007fefa8b3000 	C:\Windows\System32\fwpuclnt.dll
0x000007fefc630000 - 0x000007fefc648000 	C:\Windows\system32\CRYPTSP.dll
0x000007fefc330000 - 0x000007fefc377000 	C:\Windows\system32\rsaenh.dll
0x000007fefd120000 - 0x000007fefd13e000 	C:\Windows\system32\USERENV.dll
0x000007fefcc90000 - 0x000007fefcc9f000 	C:\Windows\system32\CRYPTBASE.dll
0x000007fefa7b0000 - 0x000007fefa7c8000 	C:\Windows\system32\dhcpcsvc.DLL
0x000007fefa730000 - 0x000007fefa741000 	C:\Windows\system32\dhcpcsvc6.DLL

VM Arguments:
jvm_args: -Dcom.sun.management.jmxremote -Dcom.sun.management.jmxremote.port=53634 -Dcom.sun.management.jmxremote.authenticate=false -Dcom.sun.management.jmxremote.ssl=false -Dspring.liveBeansView.mbeanDomain -Dspring.application.admin.enabled=true -Dfile.encoding=UTF-8 
java_command: id.posyandu.PosyanduAntroApplication --spring.output.ansi.enabled=always
java_class_path (initial): C:\Users\feda\Documents\NetBeansProjects\PosyanduAntro\target\classes;C:\Users\feda\.m2\repository\org\springframework\boot\spring-boot-starter\1.3.5.RELEASE\spring-boot-starter-1.3.5.RELEASE.jar;C:\Users\feda\.m2\repository\org\springframework\boot\spring-boot\1.3.5.RELEASE\spring-boot-1.3.5.RELEASE.jar;C:\Users\feda\.m2\repository\org\springframework\boot\spring-boot-autoconfigure\1.3.5.RELEASE\spring-boot-autoconfigure-1.3.5.RELEASE.jar;C:\Users\feda\.m2\repository\org\springframework\boot\spring-boot-starter-logging\1.3.5.RELEASE\spring-boot-starter-logging-1.3.5.RELEASE.jar;C:\Users\feda\.m2\repository\ch\qos\logback\logback-classic\1.1.7\logback-classic-1.1.7.jar;C:\Users\feda\.m2\repository\ch\qos\logback\logback-core\1.1.7\logback-core-1.1.7.jar;C:\Users\feda\.m2\repository\org\slf4j\jcl-over-slf4j\1.7.21\jcl-over-slf4j-1.7.21.jar;C:\Users\feda\.m2\repository\org\slf4j\jul-to-slf4j\1.7.21\jul-to-slf4j-1.7.21.jar;C:\Users\feda\.m2\repository\org\slf4j\log4j-over-slf4j\1.7.21\log4j-over-slf4j-1.7.21.jar;C:\Users\feda\.m2\repository\org\springframework\spring-core\4.2.6.RELEASE\spring-core-4.2.6.RELEASE.jar;C:\Users\feda\.m2\repository\org\yaml\snakeyaml\1.16\snakeyaml-1.16.jar;C:\Users\feda\.m2\repository\org\springframework\boot\spring-boot-starter-data-jpa\1.3.5.RELEASE\spring-boot-starter-data-jpa-1.3.5.RELEASE.jar;C:\Users\feda\.m2\repository\org\springframework\boot\spring-boot-starter-aop\1.3.5.RELEASE\spring-boot-starter-aop-1.3.5.RELEASE.jar;C:\Users\feda\.m2\repository\org\aspectj\aspectjweaver\1.8.9\aspectjweaver-1.8.9.jar;C:\Users\feda\.m2\repository\org\springframework\boot\spring-boot-starter-jdbc\1.3.5.RELEASE\spring-boot-starter-jdbc-1.3.5.RELEASE.jar;C:\Users\feda\.m2\repository\org\apache\tomcat\tomcat-jdbc\8.0.33\tomcat-jdbc-8.0.33.jar;C:\Users\feda\.m2\repository\org\apache\tomcat\tomcat-juli\8.0.33\tomcat-juli-8.0.33.jar;C:\Users\feda\.m2\repository\org\hibernate\hibernate-entitymanager\4.3.11.Final\hibernate-en
Launcher Type: SUN_STANDARD

Environment Variables:
JAVA_HOME=C:\Program Files\Java\jdk1.8.0_45
PATH=C:/Program Files/Java/jre1.8.0_51/bin/server;C:/Program Files/Java/jre1.8.0_51/bin;C:/Program Files/Java/jre1.8.0_51/lib/amd64;C:\Ruby200-x64\bin;C:\Ruby23-x64\bin;C:\Ruby23\bin;C:\Program Files (x86)\Common Files\Intel\Shared Files\cpp\bin\Intel64;C:\ProgramData\Oracle\Java\javapath;C:\Program Files (x86)\AMD APP\bin\x86_64;C:\Program Files (x86)\AMD APP\bin\x86;C:\Windows\system32;C:\Windows;C:\Windows\System32\Wbem;C:\Windows\System32\WindowsPowerShell\v1.0\;C:\Program Files\Broadcom\Broadcom 802.11 Network Adapter\Driver;C:\Program Files (x86)\ATI Technologies\ATI.ACE\Core-Static;C:\Program Files (x86)\AMD\ATI.ACE\Core-Static;C:\Program Files\Java\jdk1.8.0_45\bin;C:\Program Files (x86)\Microsoft SQL Server\100\Tools\Binn\;C:\Program Files\Microsoft SQL Server\100\Tools\Binn\;C:\Program Files\Microsoft SQL Server\100\DTS\Binn\;C:\Program Files\Microsoft SQL Server\Client SDK\ODBC\110\Tools\Binn\;C:\Program Files (x86)\Microsoft SQL Server\120\Tools\Binn\;C:\Program Files\Microsoft SQL Server\120\Tools\Binn\;C:\Program Files\Microsoft SQL Server\120\DTS\Binn\;C:\Program Files (x86)\Microsoft SQL Server\120\Tools\Binn\ManagementStudio\;C:\Program Files (x86)\Microsoft SQL Server\120\DTS\Binn\;C:\xampp\php;C:\ProgramData\ComposerSetup\bin;C:\Program Files (x86)\Toshiba\Bluetooth Toshiba Stack\sys\;C:\Program Files (x86)\Toshiba\Bluetooth Toshiba Stack\sys\x64\;C:\Program Files\nodejs\;C:\Program Files\Git\cmd;C:\Program Files (x86)\Skype\Phone\;C:\Users\feda\AppData\Roaming\npm;C:\Program Files\Java\jdk1.8.0_45\bin;C:\apache-ant-1.9.7\bin;C:\android\sdk\tools;C:\android\sdk\platform-tools;C:\Users\feda\AppData\Roaming\npm;D:\sts-bundle\sts-3.7.3.RELEASE;
USERNAME=feda
OS=Windows_NT
PROCESSOR_IDENTIFIER=Intel64 Family 6 Model 37 Stepping 5, GenuineIntel



---------------  S Y S T E M  ---------------

OS: Windows 7 , 64 bit Build 7601 (6.1.7601.18869)

CPU:total 4 (2 cores per cpu, 2 threads per core) family 6 model 37 stepping 5, cmov, cx8, fxsr, mmx, sse, sse2, sse3, ssse3, sse4.1, sse4.2, popcnt, ht, tsc, tscinvbit

Memory: 4k page, physical 4052848k(439028k free), swap 6148164k(4296k free)

vm_info: Java HotSpot(TM) 64-Bit Server VM (25.51-b03) for windows-amd64 JRE (1.8.0_51-b16), built on Jun  8 2015 18:03:07 by "java_re" with MS VC++ 10.0 (VS2010)

time: Wed Aug 24 20:51:54 2016
elapsed time: 63 seconds (0d 0h 1m 3s)

